Using pre-set license
Built from '2020.3/release' branch; Version is '2020.3.2f1 (8fd9074bf66c) revision 9427207'; Using compiler version '192528614'; Build Type 'Release'
OS: 'Windows 10 Pro Education; OS build 19042.867; Version 2009; 64bit' Language: 'en' Physical Memory: 16318 MB
BatchMode: 1, IsHumanControllingUs: 0, StartBugReporterOnCrash: 0, Is64bit: 1, IsPro: 0

 COMMAND LINE ARGUMENTS:
C:\Folders\GameStuff\unityProjects\2020.3.2f1\Editor\Unity.exe
-adb2
-batchMode
-noUpm
-name
AssetImportWorker0
-projectPath
C:/GitNiggaHub/ChickenShootVR/ChickenShootVR
-logFile
Logs/AssetImportWorker0.log
-srvPort
51894
Successfully changed project path to: C:/GitNiggaHub/ChickenShootVR/ChickenShootVR
C:/GitNiggaHub/ChickenShootVR/ChickenShootVR
Using Asset Import Pipeline V2.
Refreshing native plugins compatible for Editor in 31.83 ms, found 3 plugins.
Preloading 0 native plugins for Editor in 0.00 ms.
Initialize engine version: 2020.3.2f1 (8fd9074bf66c)
[Subsystems] Discovering subsystems at path C:/Folders/GameStuff/unityProjects/2020.3.2f1/Editor/Data/Resources/UnitySubsystems
[Subsystems] Discovering subsystems at path C:/GitNiggaHub/ChickenShootVR/ChickenShootVR/Assets
GfxDevice: creating device client; threaded=0
Direct3D:
    Version:  Direct3D 11.0 [level 11.1]
    Renderer: NVIDIA GeForce GTX 1080 (ID=0x1b80)
    Vendor:   
    VRAM:     8079 MB
    Driver:   27.21.14.6192
Initialize mono
Mono path[0] = 'C:/Folders/GameStuff/unityProjects/2020.3.2f1/Editor/Data/Managed'
Mono path[1] = 'C:/Folders/GameStuff/unityProjects/2020.3.2f1/Editor/Data/MonoBleedingEdge/lib/mono/unityjit'
Mono config path = 'C:/Folders/GameStuff/unityProjects/2020.3.2f1/Editor/Data/MonoBleedingEdge/etc'
Using monoOptions --debugger-agent=transport=dt_socket,embedding=1,server=y,suspend=n,address=127.0.0.1:56996
Begin MonoManager ReloadAssembly
Registering precompiled unity dll's ...
Register platform support module: C:/Folders/GameStuff/unityProjects/2020.3.2f1/Editor/Data/PlaybackEngines/WindowsStandaloneSupport/UnityEditor.WindowsStandalone.Extensions.dll
Registered in 0.001650 seconds.
Native extension for WindowsStandalone target not found
Refreshing native plugins compatible for Editor in 27.25 ms, found 3 plugins.
Preloading 0 native plugins for Editor in 0.00 ms.
Invoked RoslynAnalysisRunner static constructor.
RoslynAnalysisRunner will not be running.
RoslynAnalysisRunner has terminated.
Mono: successfully reloaded assembly
- Completed reload, in  0.819 seconds
Platform modules already initialized, skipping
Registering precompiled user dll's ...
Registered in 0.002365 seconds.
Begin MonoManager ReloadAssembly
Native extension for WindowsStandalone target not found
Refreshing native plugins compatible for Editor in 0.34 ms, found 3 plugins.
Preloading 0 native plugins for Editor in 0.00 ms.
Invoked RoslynAnalysisRunner static constructor.
RoslynAnalysisRunner will not be running.
RoslynAnalysisRunner has terminated.
Mono: successfully reloaded assembly
- Completed reload, in  0.751 seconds
Platform modules already initialized, skipping
========================================================================
Worker process is ready to serve import requests
Launched and connected shader compiler UnityShaderCompiler.exe after 0.79 seconds
Refreshing native plugins compatible for Editor in 0.33 ms, found 3 plugins.
Preloading 0 native plugins for Editor in 0.00 ms.
Unloading 1455 Unused Serialized files (Serialized files now loaded: 0)
System memory in use before: 75.4 MB.
System memory in use after: 75.4 MB.

Unloading 15 unused Assets to reduce memory usage. Loaded Objects now: 1914.
Total: 1.589500 ms (FindLiveObjects: 0.153900 ms CreateObjectMapping: 0.059200 ms MarkObjects: 1.252500 ms  DeleteObjects: 0.122900 ms)

========================================================================
Received Import Request.
  path: Assets/_Project/Materials/ArtChicken.png
  artifactKey: Guid(6c08b6d43f444d848b4a02fd4651d9a5) Importer(815301076,1909f56bfc062723c751e8b465ee728b)
Start importing Assets/_Project/Materials/ArtChicken.png using Guid(6c08b6d43f444d848b4a02fd4651d9a5) Importer(815301076,1909f56bfc062723c751e8b465ee728b)  -> (artifact id: 'd8a1554732bb13888eec0e72e812c942') in 0.156197 seconds
  Import took 0.158798 seconds .

========================================================================
Received Prepare
Refreshing native plugins compatible for Editor in 1.43 ms, found 3 plugins.
Preloading 0 native plugins for Editor in 0.00 ms.
Unloading 7 Unused Serialized files (Serialized files now loaded: 0)
System memory in use before: 45.6 MB.
System memory in use after: 45.7 MB.

Unloading 7 unused Assets to reduce memory usage. Loaded Objects now: 1916.
Total: 2.296600 ms (FindLiveObjects: 0.143200 ms CreateObjectMapping: 0.043700 ms MarkObjects: 2.046900 ms  DeleteObjects: 0.061900 ms)

========================================================================
Received Import Request.
  Time since last request: 646.456826 seconds.
  path: Assets/_Project/Prefabs/PointsPopUp.prefab
  artifactKey: Guid(7e836c7652432594c9b155ffc4d46a2c) Importer(815301076,1909f56bfc062723c751e8b465ee728b)
Start importing Assets/_Project/Prefabs/PointsPopUp.prefab using Guid(7e836c7652432594c9b155ffc4d46a2c) Importer(815301076,1909f56bfc062723c751e8b465ee728b)  -> (artifact id: '52a510d7a630bbbe35013429cc359d5e') in 0.039594 seconds
  Import took 0.042203 seconds .

========================================================================
Received Import Request.
  Time since last request: 0.045370 seconds.
  path: Assets/_Project/Prefabs/PointsPopUp.prefab
  artifactKey: Guid(7e836c7652432594c9b155ffc4d46a2c) Importer(815301076,1909f56bfc062723c751e8b465ee728b)
Start importing Assets/_Project/Prefabs/PointsPopUp.prefab using Guid(7e836c7652432594c9b155ffc4d46a2c) Importer(815301076,1909f56bfc062723c751e8b465ee728b)  -> (artifact id: '79ebe94bfd3f079ab87ef44e5d527d17') in 0.003070 seconds
  Import took 0.005246 seconds .

========================================================================
Received Import Request.
  Time since last request: 12.092470 seconds.
  path: Assets/_Project/Prefabs/PointsPopUp.prefab
  artifactKey: Guid(7e836c7652432594c9b155ffc4d46a2c) Importer(815301076,1909f56bfc062723c751e8b465ee728b)
Start importing Assets/_Project/Prefabs/PointsPopUp.prefab using Guid(7e836c7652432594c9b155ffc4d46a2c) Importer(815301076,1909f56bfc062723c751e8b465ee728b)  -> (artifact id: '6453c80c2878fc37640674317515873d') in 0.003413 seconds
  Import took 0.005559 seconds .

========================================================================
Received Import Request.
  Time since last request: 0.004150 seconds.
  path: Assets/_Project/Prefabs/PointsPopUp.prefab
  artifactKey: Guid(7e836c7652432594c9b155ffc4d46a2c) Importer(815301076,1909f56bfc062723c751e8b465ee728b)
Start importing Assets/_Project/Prefabs/PointsPopUp.prefab using Guid(7e836c7652432594c9b155ffc4d46a2c) Importer(815301076,1909f56bfc062723c751e8b465ee728b)  -> (artifact id: '6453c80c2878fc37640674317515873d') in 0.003000 seconds
  Import took 0.005215 seconds .

========================================================================
Received Prepare
Registering precompiled user dll's ...
Registered in 0.002548 seconds.
Begin MonoManager ReloadAssembly
Native extension for WindowsStandalone target not found
Refreshing native plugins compatible for Editor in 0.50 ms, found 3 plugins.
Preloading 0 native plugins for Editor in 0.00 ms.
Invoked RoslynAnalysisRunner static constructor.
RoslynAnalysisRunner will not be running.
RoslynAnalysisRunner has terminated.
Mono: successfully reloaded assembly
- Completed reload, in  0.693 seconds
Platform modules already initialized, skipping
Refreshing native plugins compatible for Editor in 0.40 ms, found 3 plugins.
Preloading 0 native plugins for Editor in 0.00 ms.
Unloading 1443 Unused Serialized files (Serialized files now loaded: 0)
System memory in use before: 76.2 MB.
System memory in use after: 75.6 MB.

Unloading 23 unused Assets to reduce memory usage. Loaded Objects now: 1922.
Total: 1.755800 ms (FindLiveObjects: 0.149600 ms CreateObjectMapping: 0.041800 ms MarkObjects: 1.268800 ms  DeleteObjects: 0.294800 ms)

========================================================================
Received Prepare
Registering precompiled user dll's ...
Registered in 0.002271 seconds.
Begin MonoManager ReloadAssembly
Native extension for WindowsStandalone target not found
Refreshing native plugins compatible for Editor in 0.37 ms, found 3 plugins.
Preloading 0 native plugins for Editor in 0.00 ms.
Invoked RoslynAnalysisRunner static constructor.
RoslynAnalysisRunner will not be running.
RoslynAnalysisRunner has terminated.
Mono: successfully reloaded assembly
- Completed reload, in  0.682 seconds
Platform modules already initialized, skipping
Refreshing native plugins compatible for Editor in 0.34 ms, found 3 plugins.
Preloading 0 native plugins for Editor in 0.00 ms.
Unloading 1443 Unused Serialized files (Serialized files now loaded: 0)
System memory in use before: 75.9 MB.
System memory in use after: 75.4 MB.

Unloading 23 unused Assets to reduce memory usage. Loaded Objects now: 1926.
Total: 1.943200 ms (FindLiveObjects: 0.170000 ms CreateObjectMapping: 0.054400 ms MarkObjects: 1.367900 ms  DeleteObjects: 0.349800 ms)

========================================================================
Received Prepare
Registering precompiled user dll's ...
Registered in 0.002164 seconds.
Begin MonoManager ReloadAssembly
Native extension for WindowsStandalone target not found
Refreshing native plugins compatible for Editor in 0.40 ms, found 3 plugins.
Preloading 0 native plugins for Editor in 0.00 ms.
Invoked RoslynAnalysisRunner static constructor.
RoslynAnalysisRunner will not be running.
RoslynAnalysisRunner has terminated.
Mono: successfully reloaded assembly
- Completed reload, in  0.692 seconds
Platform modules already initialized, skipping
Refreshing native plugins compatible for Editor in 0.35 ms, found 3 plugins.
Preloading 0 native plugins for Editor in 0.00 ms.
Unloading 1443 Unused Serialized files (Serialized files now loaded: 0)
System memory in use before: 76.1 MB.
System memory in use after: 75.5 MB.

Unloading 23 unused Assets to reduce memory usage. Loaded Objects now: 1930.
Total: 2.019500 ms (FindLiveObjects: 0.157100 ms CreateObjectMapping: 0.046300 ms MarkObjects: 1.311600 ms  DeleteObjects: 0.503200 ms)

========================================================================
Received Prepare
Registering precompiled user dll's ...
Registered in 0.002184 seconds.
Begin MonoManager ReloadAssembly
Native extension for WindowsStandalone target not found
Refreshing native plugins compatible for Editor in 0.37 ms, found 3 plugins.
Preloading 0 native plugins for Editor in 0.00 ms.
Invoked RoslynAnalysisRunner static constructor.
RoslynAnalysisRunner will not be running.
RoslynAnalysisRunner has terminated.
Mono: successfully reloaded assembly
- Completed reload, in  0.721 seconds
Platform modules already initialized, skipping
Refreshing native plugins compatible for Editor in 0.36 ms, found 3 plugins.
Preloading 0 native plugins for Editor in 0.00 ms.
Unloading 1443 Unused Serialized files (Serialized files now loaded: 0)
System memory in use before: 75.9 MB.
System memory in use after: 75.4 MB.

Unloading 23 unused Assets to reduce memory usage. Loaded Objects now: 1934.
Total: 1.915100 ms (FindLiveObjects: 0.167300 ms CreateObjectMapping: 0.044000 ms MarkObjects: 1.355900 ms  DeleteObjects: 0.346800 ms)

========================================================================
Received Import Request.
  Time since last request: 543.825057 seconds.
  path: Assets/_Project/Prefabs/PointsPopUp.prefab
  artifactKey: Guid(7e836c7652432594c9b155ffc4d46a2c) Importer(815301076,1909f56bfc062723c751e8b465ee728b)
Start importing Assets/_Project/Prefabs/PointsPopUp.prefab using Guid(7e836c7652432594c9b155ffc4d46a2c) Importer(815301076,1909f56bfc062723c751e8b465ee728b)  -> (artifact id: 'b81652e8379474eed373c156b6c5438d') in 0.079077 seconds
  Import took 0.081824 seconds .

========================================================================
Received Import Request.
  Time since last request: 0.063795 seconds.
  path: Assets/_Project/Prefabs/PointsPopUp.prefab
  artifactKey: Guid(7e836c7652432594c9b155ffc4d46a2c) Importer(815301076,1909f56bfc062723c751e8b465ee728b)
Start importing Assets/_Project/Prefabs/PointsPopUp.prefab using Guid(7e836c7652432594c9b155ffc4d46a2c) Importer(815301076,1909f56bfc062723c751e8b465ee728b)  -> (artifact id: '7266e3fc60fde94e778d1897ed7414a3') in 0.023633 seconds
  Import took 0.025897 seconds .

========================================================================
Received Import Request.
  Time since last request: 0.015148 seconds.
  path: Assets/_Project/Prefabs/PointsPopUp.prefab
  artifactKey: Guid(7e836c7652432594c9b155ffc4d46a2c) Importer(815301076,1909f56bfc062723c751e8b465ee728b)
Start importing Assets/_Project/Prefabs/PointsPopUp.prefab using Guid(7e836c7652432594c9b155ffc4d46a2c) Importer(815301076,1909f56bfc062723c751e8b465ee728b)  -> (artifact id: '7266e3fc60fde94e778d1897ed7414a3') in 0.021711 seconds
  Import took 0.024161 seconds .

========================================================================
Received Prepare
Registering precompiled user dll's ...
Registered in 0.002227 seconds.
Begin MonoManager ReloadAssembly
Native extension for WindowsStandalone target not found
Refreshing native plugins compatible for Editor in 0.37 ms, found 3 plugins.
Preloading 0 native plugins for Editor in 0.00 ms.
Invoked RoslynAnalysisRunner static constructor.
RoslynAnalysisRunner will not be running.
RoslynAnalysisRunner has terminated.
Mono: successfully reloaded assembly
- Completed reload, in  0.692 seconds
Platform modules already initialized, skipping
Refreshing native plugins compatible for Editor in 0.49 ms, found 3 plugins.
Preloading 0 native plugins for Editor in 0.00 ms.
Unloading 1443 Unused Serialized files (Serialized files now loaded: 0)
System memory in use before: 76.2 MB.
System memory in use after: 75.7 MB.

Unloading 23 unused Assets to reduce memory usage. Loaded Objects now: 1938.
Total: 2.423000 ms (FindLiveObjects: 0.191200 ms CreateObjectMapping: 0.057600 ms MarkObjects: 1.784000 ms  DeleteObjects: 0.389000 ms)

========================================================================
Received Prepare
Refreshing native plugins compatible for Editor in 1.69 ms, found 3 plugins.
Preloading 0 native plugins for Editor in 0.00 ms.
Unloading 20 Unused Serialized files (Serialized files now loaded: 0)
System memory in use before: 48.0 MB.
System memory in use after: 47.4 MB.

Unloading 20 unused Assets to reduce memory usage. Loaded Objects now: 1938.
Total: 2.583100 ms (FindLiveObjects: 0.202300 ms CreateObjectMapping: 0.060600 ms MarkObjects: 1.880900 ms  DeleteObjects: 0.436900 ms)

AssetImportWorkerClient::OnTransportError - code=2 error=End of file
